Determining if the pthread_create exist failed with the following output:
Change Dir: /home/zhanglei/catkin_ws/build/CMakeFiles/CMakeTmp

Run Build Command:"/usr/bin/make" "cmTC_0f99d/fast"
/usr/bin/make -f CMakeFiles/cmTC_0f99d.dir/build.make CMakeFiles/cmTC_0f99d.dir/build
make[1]: Entering directory '/home/zhanglei/catkin_ws/build/CMakeFiles/CMakeTmp'
Building C object CMakeFiles/cmTC_0f99d.dir/CheckSymbolExists.c.o
/usr/bin/cc     -o CMakeFiles/cmTC_0f99d.dir/CheckSymbolExists.c.o   -c /home/zhanglei/catkin_ws/build/CMakeFiles/CMakeTmp/CheckSymbolExists.c
Linking C executable cmTC_0f99d
/usr/bin/cmake -E cmake_link_script CMakeFiles/cmTC_0f99d.dir/link.txt --verbose=1
/usr/bin/cc       CMakeFiles/cmTC_0f99d.dir/CheckSymbolExists.c.o  -o cmTC_0f99d -rdynamic 
CMakeFiles/cmTC_0f99d.dir/CheckSymbolExists.c.o: In function `main':
CheckSymbolExists.c:(.text+0x16): undefined reference to `pthread_create'
collect2: error: ld returned 1 exit status
CMakeFiles/cmTC_0f99d.dir/build.make:97: recipe for target 'cmTC_0f99d' failed
make[1]: *** [cmTC_0f99d] Error 1
make[1]: Leaving directory '/home/zhanglei/catkin_ws/build/CMakeFiles/CMakeTmp'
Makefile:126: recipe for target 'cmTC_0f99d/fast' failed
make: *** [cmTC_0f99d/fast] Error 2

File /home/zhanglei/catkin_ws/build/CMakeFiles/CMakeTmp/CheckSymbolExists.c:
/* */
#include <pthread.h>

int main(int argc, char** argv)
{
  (void)argv;
#ifndef pthread_create
  return ((int*)(&pthread_create))[argc];
#else
  (void)argc;
  return 0;
#endif
}

Determining if the function pthread_create exists in the pthreads failed with the following output:
Change Dir: /home/zhanglei/catkin_ws/build/CMakeFiles/CMakeTmp

Run Build Command:"/usr/bin/make" "cmTC_3519e/fast"
/usr/bin/make -f CMakeFiles/cmTC_3519e.dir/build.make CMakeFiles/cmTC_3519e.dir/build
make[1]: Entering directory '/home/zhanglei/catkin_ws/build/CMakeFiles/CMakeTmp'
Building C object CMakeFiles/cmTC_3519e.dir/CheckFunctionExists.c.o
/usr/bin/cc    -DCHECK_FUNCTION_EXISTS=pthread_create   -o CMakeFiles/cmTC_3519e.dir/CheckFunctionExists.c.o   -c /usr/share/cmake-3.5/Modules/CheckFunctionExists.c
Linking C executable cmTC_3519e
/usr/bin/cmake -E cmake_link_script CMakeFiles/cmTC_3519e.dir/link.txt --verbose=1
/usr/bin/cc   -DCHECK_FUNCTION_EXISTS=pthread_create    CMakeFiles/cmTC_3519e.dir/CheckFunctionExists.c.o  -o cmTC_3519e -rdynamic -lpthreads 
/usr/bin/ld: cannot find -lpthreads
collect2: error: ld returned 1 exit status
CMakeFiles/cmTC_3519e.dir/build.make:97: recipe for target 'cmTC_3519e' failed
make[1]: *** [cmTC_3519e] Error 1
make[1]: Leaving directory '/home/zhanglei/catkin_ws/build/CMakeFiles/CMakeTmp'
Makefile:126: recipe for target 'cmTC_3519e/fast' failed
make: *** [cmTC_3519e/fast] Error 2


